5044:
3.5
3.7
5045:
3.7
3.9
4.5
3.2
4.0
5046:
3.9
4.0
3.7
3.7
5047:
3.4
3.5
4.0
3.3
3.6
3.6
3.3
4.1
3.6
3.5
4.0
3.2
3.5
5048:
4.5
4.0
3.3
3.8
3.8
3.3
4.1
4.1
3.9
4.2
3.1
4.0
3.7
4.2
4.1
4.0
4.0
4.1
3.2
3.7
4.0
3.6
5049:
2.9
2.9
3.3
505:
3.5
3.6
3.5
3.5
2.8
3.2
3.6
3.3
3.7
3.5
4.1
3.7
3.3
3.5
2.9
3.9
3.6
3.2
3.1
3.6
3.3
3.4
3.2
3.1
3.9
3.6
3.7
3.6
3.7
5050:
4.2
4.2
3.8
4.5
4.1
3.7
3.7
4.1
4.2
4.1
4.2
4.3
4.2
4.2
4.5
4.0
4.2
3.9
3.7
3.9
4.3
3.9
3.7
3.7
4.3
4.1
4.2
4.1
4.0
4.1
4.0
4.8
4.5
3.9
3.8
3.8
4.3
4.1
3.8
3.9
3.8
3.8
3.4
4.6
3.7
4.1
4.1
3.7
3.8
4.2
4.8
4.2
3.9
4.1
4.2
4.1
4.0
4.2
3.8
4.2
3.7
3.9
4.1
4.5
4.3
4.0
4.2
3.7
4.5
3.8
4.3
4.2
3.4
4.1
4.0
3.7
4.1
3.8
4.2
4.2
3.4
4.8
4.2
4.2
4.3
4.2
4.1
4.1
4.0
3.8
3.9
3.8
4.2
4.1
3.9
3.9
4.0
3.8
3.5
4.6
4.3
4.2
3.8
4.2
4.1
4.3
4.2
3.9
4.6
3.7
4.2
4.3
3.8
3.8
3.8
4.1
4.1
4.2
3.8
4.2
4.1
4.3
3.8
4.2
4.1
4.2
4.6
4.2
4.2
4.1
4.0
4.3
4.1
4.2
3.9
4.2
4.2
4.1
3.9
3.8
4.1
4.7
4.0
4.1
3.8
4.3
4.2
3.5
4.1
4.1
4.2
3.9
4.0
3.8
4.2
4.1
3.8
3.7
4.1
4.3
4.0
4.3
4.3
4.2
4.5
4.0
3.3
4.7
4.6
3.8
3.5
4.2
4.2
3.7
3.7
4.3
4.0
4.0
4.6
4.1
3.8
4.3
4.2
4.1
4.1
4.1
4.3
3.8
4.2
3.5
4.2
3.7
4.7
4.1
3.9
3.1
4.2
3.9
4.0
4.5
3.9
3.8
3.8
4.1
4.1
3.8
3.9
4.2
4.1
3.7
4.3
3.6
3.6
4.0
4.0
3.8
4.6
3.5
3.5
4.3
4.2
4.2
4.0
3.9
4.1
4.0
4.1
4.0
3.8
4.0
4.1
3.8
3.9
3.9
4.2
4.1
3.9
3.9
4.3
4.1
4.3
4.1
3.8
3.9
3.9
4.0
4.2
4.2
4.0
4.0
4.3
4.2
4.1
4.1
4.2
4.6
3.7
4.1
4.3
4.1
4.5
4.7
4.2
5051:
3.3
4.1
3.8
3.9
3.9
4.1
4.0
4.0
3.6
3.6
5052:
4.2
3.7
3.9
3.7
3.9
4.2
3.4
4.1
4.0
4.0
3.6
4.5
3.6
4.2
4.0
3.7
3.4
3.9
4.0
4.0
5053:
2.7
4.0
3.9
4.5
3.9
3.1
3.7
4.5
3.7
3.6
4.1
4.0
3.9
4.3
5054:
3.8
3.9
4.0
3.4
3.5
4.2
3.8
4.0
3.6
3.2
4.3
3.9
4.0
3.9
3.8
3.6
4.6
3.9
4.0
3.7
4.3
3.6
3.9
3.9
3.4
3.8
3.5
3.8
3.7
3.5
4.3
4.2
3.9
4.3
3.8
3.6
3.9
4.0
3.9
4.3
3.5
3.8
3.9
3.6
3.9
4.0
3.5
3.8
3.4
3.4
3.9
4.2
3.6
4.5
3.8
3.6
3.9
4.3
3.8
3.7
3.5
3.7
3.9
4.4
3.5
3.8
3.8
4.0
3.9
4.2
3.7
3.8
3.8
3.5
3.9
4.0
3.7
4.2
4.2
4.4
3.7
3.9
4.2
3.8
3.9
4.3
3.4
4.0
3.7
3.9
3.8
3.8
3.9
3.8
4.2
4.0
4.1
3.6
3.6
3.1
3.8
3.9
3.2
3.9
3.8
4.4
3.6
3.8
4.0
3.6
3.9
4.3
3.9
3.8
3.6
3.8
3.2
3.8
4.3
4.3
4.0
3.7
3.8
3.9
3.9
3.8
3.8
3.8
3.9
4.3
4.5
3.8
3.8
3.6
4.4
3.7
4.2
3.6
4.0
3.5
3.7
3.7
4.2
3.5
3.8
4.3
3.8
3.9
3.8
3.9
3.9
4.2
3.4
3.5
3.8
3.8
4.0
3.8
3.9
3.6
4.4
4.2
3.8
3.7
3.9
3.8
3.5
3.5
3.6
3.4
3.8
3.4
3.9
3.4
3.7
3.9
3.9
4.0
3.5
3.5
4.3
3.5
4.5
3.8
3.8
3.6
3.8
3.6
3.8
3.9
4.3
3.9
3.9
4.2
4.1
3.9
4.0
4.3
4.2
3.9
3.4
3.5
3.6
4.0
4.0
4.3
3.6
3.9
4.1
3.6
3.9
3.9
4.4
4.0
4.0
3.9
4.3
3.9
4.0
4.4
3.9
3.5
3.5
4.5
3.9
3.9
3.9
3.5
3.4
3.9
4.0
3.9
3.8
3.6
3.6
3.8
4.3
3.9
3.8
3.8
4.0
3.2
3.7
3.5
3.4
4.3
3.9
3.8
3.5
4.0
3.6
3.9
3.9
4.0
4.3
4.4
3.7
4.2
3.8
3.8
3.7
4.0
3.5
3.8
4.2
3.6
3.8
3.5
4.0
3.5
3.6
4.2
3.8
3.5
3.6
3.6
3.9
4.3
4.0
3.9
4.0
3.6
4.0
4.0
3.9
3.8
3.9
3.5
3.2
3.2
4.3
3.7
4.3
3.1
4.0
3.9
3.0
3.9
4.0
4.2
3.4
3.5
3.9
3.9
4.0
4.0
3.5
3.9
3.6
3.7
3.9
3.8
3.9
4.3
3.8
3.8
3.8
3.9
3.8
3.7
4.2
3.8
3.8
3.8
4.0
4.0
4.0
3.9
3.8
4.3
3.8
3.8
3.8
3.0
3.6
3.8
4.3
3.4
3.4
3.8
3.9
4.0
3.9
3.9
4.3
3.8
3.4
3.8
3.9
4.0
3.7
3.8
3.7
3.7
3.6
3.4
4.2
3.8
4.2
3.9
3.9
3.2
3.9
3.9
3.9
3.9
3.9
3.6
3.8
3.7
4.5
4.3
4.0
3.8
4.2
3.7
4.0
3.5
3.9
4.3
3.9
4.2
3.8
3.8
3.8
4.3
4.1
3.8
4.0
4.4
3.9
3.2
3.9
3.8
4.3
3.2
3.8
4.0
3.4
3.9
3.5
3.6
3.2
3.9
3.9
3.9
3.8
4.0
3.9
4.0
4.2
3.8
3.2
3.8
3.5
3.2
3.7
3.8
4.4
3.2
2.9
3.4
3.6
3.8
2.6
3.9
3.9
3.8
3.9
3.2
3.6
4.5
3.2
3.9
4.3
3.5
3.9
4.5
4.3
3.9
4.2
3.8
3.9
3.7
3.5
3.8
3.6
3.6
3.8
4.3
3.6
4.0
4.0
3.4
3.5
4.4
2.9
3.8
3.8
3.9
4.0
3.5
3.6
3.8
3.8
3.8
4.4
4.0
3.2
4.0
3.5
4.0
4.4
5055:
3.9
3.8
3.8
3.7
3.6
3.7
3.9
4.3
3.5
3.6
4.3
3.9
3.7
4.5
3.8
3.9
3.4
3.9
3.6
3.9
4.2
3.6
3.9
4.3
3.6
3.5
3.7
3.8
3.9
3.8
4.2
3.6
3.6
3.6
3.1
3.4
4.3
3.9
3.8
3.5
3.9
3.8
4.0
3.8
4.2
4.2
3.8
3.9
3.8
3.5
3.9
3.4
3.5
3.8
4.4
3.6
3.9
4.0
3.5
3.8
3.9
3.9
3.8
3.1
3.5
3.5
3.7
3.9
4.0
3.5
3.8
4.0
3.8
4.0
3.9
3.7
4.2
3.7
3.9
3.9
3.5
4.2
3.8
3.6
3.4
3.9
3.9
3.8
4.0
3.8
4.0
3.8
3.9
3.5
4.0
3.8
4.2
3.8
3.6
3.8
3.9
3.9
4.2
3.4
3.5
3.9
3.8
3.9
3.5
3.8
3.7
3.6
3.8
3.6
3.8
4.0
3.8
3.9
3.7
4.2
4.3
3.8
3.5
4.3
3.8
4.2
3.8
3.7
3.6
RMSE:  0.89
